<?xml version="1.0" encoding="UTF-8"?>
<testng-results skipped="0" failed="0" total="1" passed="1">
  <reporter-output>
  </reporter-output>
  <suite name="Default suite" duration-ms="20071" started-at="2019-11-22T09:46:58Z" finished-at="2019-11-22T09:47:18Z">
    <groups>
    </groups>
    <test name="Default test" duration-ms="20071" started-at="2019-11-22T09:46:58Z" finished-at="2019-11-22T09:47:18Z">
      <class name="com.maven_22_nov.Hello_selenium99">
        <test-method status="PASS" signature="google_search()[pri:0, instance:com.maven_22_nov.Hello_selenium99@6de728]" name="google_search" duration-ms="20050" started-at="2019-11-22T15:16:58Z" finished-at="2019-11-22T15:17:18Z">
          <reporter-output>
          </reporter-output>
        </test-method> <!-- google_search -->
      </class> <!-- com.maven_22_nov.Hello_selenium99 -->
    </test> <!-- Default test -->
  </suite> <!-- Default suite -->
</testng-results>
